<?xml version="1.0" encoding="UTF-8"?>
<!-- Generated by org.testng.reporters.JUnitReportReporter -->
<testsuite name="com.test.automation.testAutomation.homepage.TC001_VerifyLoginWithInvalidCredentials" tests="1" time="2.810" ignored="0" failures="0" timestamp="05 May 2017 19:15:28 GMT" skipped="0" hostname="Marufs-MBP" errors="0">
  <testcase name="verifyLoginWithInvalidCredentials" time="2.810" classname="com.test.automation.testAutomation.homepage.TC001_VerifyLoginWithInvalidCredentials"/>
</testsuite> <!-- com.test.automation.testAutomation.homepage.TC001_VerifyLoginWithInvalidCredentials -->
